2024-02-10 14:18:41.367  INFO 19324 --- [main] cz.itnetwork.InsuredSystem               : Starting InsuredSystem using Java 17.0.8.1 on MacBook-MacBook-Pro.local with PID 19324 (/Users/macbook/Dropbox/IntelliJprojects/InsuredSystem/target/classes started by macbook in /Users/macbook/Dropbox/IntelliJprojects/InsuredSystem)
2024-02-10 14:18:41.406  INFO 19324 --- [main] cz.itnetwork.InsuredSystem               : No active profile set, falling back to default profiles: default
2024-02-10 14:18:41.955  INFO 19324 --- [main] .s.d.r.c.RepositoryConfigurationDelegate : Bootstrapping Spring Data JPA repositories in DEFAULT mode.
2024-02-10 14:18:42.010  INFO 19324 --- [main] .s.d.r.c.RepositoryConfigurationDelegate : Finished Spring Data repository scanning in 45 ms. Found 2 JPA repository interfaces.
2024-02-10 14:18:42.508  INFO 19324 --- [main] o.s.b.w.embedded.tomcat.TomcatWebServer  : Tomcat initialized with port(s): 8080 (http)
2024-02-10 14:18:42.517  INFO 19324 --- [main] o.apache.catalina.core.StandardService   : Starting service [Tomcat]
2024-02-10 14:18:42.518  INFO 19324 --- [main] org.apache.catalina.core.StandardEngine  : Starting Servlet engine: [Apache Tomcat/9.0.48]
2024-02-10 14:18:42.581  INFO 19324 --- [main] o.a.c.c.C.[Tomcat].[localhost].[/]       : Initializing Spring embedded WebApplicationContext
2024-02-10 14:18:42.581  INFO 19324 --- [main] w.s.c.ServletWebServerApplicationContext : Root WebApplicationContext: initialization completed in 1128 ms
2024-02-10 14:18:42.701  INFO 19324 --- [main] o.hibernate.jpa.internal.util.LogHelper  : HHH000204: Processing PersistenceUnitInfo [name: default]
2024-02-10 14:18:42.754  INFO 19324 --- [main] org.hibernate.Version                    : HHH000412: Hibernate ORM core version 5.4.32.Final
2024-02-10 14:18:42.883  INFO 19324 --- [main] o.hibernate.annotations.common.Version   : HCANN000001: Hibernate Commons Annotations {5.1.2.Final}
2024-02-10 14:18:42.976  INFO 19324 --- [main] com.zaxxer.hikari.HikariDataSource       : HikariPool-1 - Starting...
2024-02-10 14:18:43.099  INFO 19324 --- [main] com.zaxxer.hikari.HikariDataSource       : HikariPool-1 - Start completed.
2024-02-10 14:18:43.113  INFO 19324 --- [main] org.hibernate.dialect.Dialect            : HHH000400: Using dialect: org.hibernate.dialect.MySQL5InnoDBDialect
2024-02-10 14:18:43.668  INFO 19324 --- [main] o.h.e.t.j.p.i.JtaPlatformInitiator       : HHH000490: Using JtaPlatform implementation: [org.hibernate.engine.transaction.jta.platform.internal.NoJtaPlatform]
2024-02-10 14:18:43.675  INFO 19324 --- [main] j.LocalContainerEntityManagerFactoryBean : Initialized JPA EntityManagerFactory for persistence unit 'default'
2024-02-10 14:18:43.938  WARN 19324 --- [main] JpaBaseConfiguration$JpaWebConfiguration : spring.jpa.open-in-view is enabled by default. Therefore, database queries may be performed during view rendering. Explicitly configure spring.jpa.open-in-view to disable this warning
2024-02-10 14:18:44.070 DEBUG 19324 --- [main] s.w.s.m.m.a.RequestMappingHandlerAdapter : ControllerAdvice beans: 0 @ModelAttribute, 0 @InitBinder, 1 RequestBodyAdvice, 1 ResponseBodyAdvice
2024-02-10 14:18:44.141 DEBUG 19324 --- [main] s.w.s.m.m.a.RequestMappingHandlerMapping : 12 mappings in 'requestMappingHandlerMapping'
2024-02-10 14:18:44.173 DEBUG 19324 --- [main] o.s.w.s.handler.SimpleUrlHandlerMapping  : Patterns [/webjars/**, /**] in 'resourceHandlerMapping'
2024-02-10 14:18:44.182 DEBUG 19324 --- [main] .m.m.a.ExceptionHandlerExceptionResolver : ControllerAdvice beans: 0 @ExceptionHandler, 1 ResponseBodyAdvice
2024-02-10 14:18:44.269  INFO 19324 --- [main] o.s.b.w.embedded.tomcat.TomcatWebServer  : Tomcat started on port(s): 8080 (http) with context path ''
2024-02-10 14:18:44.307  INFO 19324 --- [main] cz.itnetwork.InsuredSystem               : Started InsuredSystem in 3.313 seconds (JVM running for 3.737)
2024-02-10 14:18:49.499  INFO 19324 --- [http-nio-8080-exec-1] o.a.c.c.C.[Tomcat].[localhost].[/]       : Initializing Spring DispatcherServlet 'dispatcherServlet'
2024-02-10 14:18:49.499  INFO 19324 --- [http-nio-8080-exec-1] o.s.web.servlet.DispatcherServlet        : Initializing Servlet 'dispatcherServlet'
2024-02-10 14:18:49.499 DEBUG 19324 --- [http-nio-8080-exec-1] o.s.web.servlet.DispatcherServlet        : Detected StandardServletMultipartResolver
2024-02-10 14:18:49.499 DEBUG 19324 --- [http-nio-8080-exec-1] o.s.web.servlet.DispatcherServlet        : Detected AcceptHeaderLocaleResolver
2024-02-10 14:18:49.499 DEBUG 19324 --- [http-nio-8080-exec-1] o.s.web.servlet.DispatcherServlet        : Detected FixedThemeResolver
2024-02-10 14:18:49.500 DEBUG 19324 --- [http-nio-8080-exec-1] o.s.web.servlet.DispatcherServlet        : Detected org.springframework.web.servlet.view.DefaultRequestToViewNameTranslator@64ef2719
2024-02-10 14:18:49.500 DEBUG 19324 --- [http-nio-8080-exec-1] o.s.web.servlet.DispatcherServlet        : Detected org.springframework.web.servlet.support.SessionFlashMapManager@1324e70a
2024-02-10 14:18:49.500 DEBUG 19324 --- [http-nio-8080-exec-1] o.s.web.servlet.DispatcherServlet        : enableLoggingRequestDetails='false': request parameters and headers will be masked to prevent unsafe logging of potentially sensitive data
2024-02-10 14:18:49.500  INFO 19324 --- [http-nio-8080-exec-1] o.s.web.servlet.DispatcherServlet        : Completed initialization in 1 ms
2024-02-10 14:18:49.510 DEBUG 19324 --- [http-nio-8080-exec-1] o.s.web.servlet.DispatcherServlet        : GET "/api/insured", parameters={}
2024-02-10 14:18:49.513 DEBUG 19324 --- [http-nio-8080-exec-1] s.w.s.m.m.a.RequestMappingHandlerMapping : Mapped to cz.itnetwork.controller.InsuredController#getAllInsured()
2024-02-10 14:18:49.638 DEBUG 19324 --- [http-nio-8080-exec-1] org.hibernate.SQL                        : select insured0_.id as id1_0_, insured0_.date_of_birth as date_of_2_0_, insured0_.email as email3_0_, insured0_.first_name as first_na4_0_, insured0_.last_name as last_nam5_0_, insured0_.marital_status as marital_6_0_, insured0_.phone as phone7_0_, insured0_.place_of_birth as place_of8_0_, insured0_.residence as residenc9_0_, insured0_.social_security_number as social_10_0_ from insured insured0_
2024-02-10 14:18:49.677 DEBUG 19324 --- [http-nio-8080-exec-1] o.s.w.s.m.m.a.HttpEntityMethodProcessor  : Using 'application/json', given [*/*] and supported [application/json, application/*+json, application/json, application/*+json]
2024-02-10 14:18:49.685 DEBUG 19324 --- [http-nio-8080-exec-1] o.s.w.s.m.m.a.HttpEntityMethodProcessor  : Writing [[Insured{id=1, firstName='Marek', lastName='Šenkyřík', email='dobry@hsjdjsf.cz', dateOfBirth=1991-01 (truncated)...]
2024-02-10 14:18:49.726 DEBUG 19324 --- [http-nio-8080-exec-1] o.s.web.servlet.DispatcherServlet        : Completed 200 OK
2024-02-10 14:18:51.789 DEBUG 19324 --- [http-nio-8080-exec-2] o.s.web.servlet.DispatcherServlet        : GET "/api/insured", parameters={}
2024-02-10 14:18:51.789 DEBUG 19324 --- [http-nio-8080-exec-2] s.w.s.m.m.a.RequestMappingHandlerMapping : Mapped to cz.itnetwork.controller.InsuredController#getAllInsured()
2024-02-10 14:18:51.792 DEBUG 19324 --- [http-nio-8080-exec-2] org.hibernate.SQL                        : select insured0_.id as id1_0_, insured0_.date_of_birth as date_of_2_0_, insured0_.email as email3_0_, insured0_.first_name as first_na4_0_, insured0_.last_name as last_nam5_0_, insured0_.marital_status as marital_6_0_, insured0_.phone as phone7_0_, insured0_.place_of_birth as place_of8_0_, insured0_.residence as residenc9_0_, insured0_.social_security_number as social_10_0_ from insured insured0_
2024-02-10 14:18:51.796 DEBUG 19324 --- [http-nio-8080-exec-2] o.s.w.s.m.m.a.HttpEntityMethodProcessor  : Using 'application/json', given [*/*] and supported [application/json, application/*+json, application/json, application/*+json]
2024-02-10 14:18:51.798 DEBUG 19324 --- [http-nio-8080-exec-2] o.s.w.s.m.m.a.HttpEntityMethodProcessor  : Writing [[Insured{id=1, firstName='Marek', lastName='Šenkyřík', email='dobry@hsjdjsf.cz', dateOfBirth=1991-01 (truncated)...]
2024-02-10 14:18:51.802 DEBUG 19324 --- [http-nio-8080-exec-2] o.s.web.servlet.DispatcherServlet        : Completed 200 OK
2024-02-10 14:18:52.421 DEBUG 19324 --- [http-nio-8080-exec-3] o.s.web.servlet.DispatcherServlet        : GET "/api/policies", parameters={}
2024-02-10 14:18:52.422 DEBUG 19324 --- [http-nio-8080-exec-3] s.w.s.m.m.a.RequestMappingHandlerMapping : Mapped to cz.itnetwork.controller.PolicyController#getAllPolicies()
2024-02-10 14:18:52.426 DEBUG 19324 --- [http-nio-8080-exec-3] org.hibernate.SQL                        : select policy0_.id as id1_1_, policy0_.coverage_amount as coverage2_1_, policy0_.insured_id as insured_7_1_, policy0_.monthly_amount as monthly_3_1_, policy0_.policy_end_date as policy_e4_1_, policy0_.policy_start_date as policy_s5_1_, policy0_.policy_type as policy_t6_1_ from policies policy0_
2024-02-10 14:18:52.432 DEBUG 19324 --- [http-nio-8080-exec-3] org.hibernate.SQL                        : select insured0_.id as id1_0_0_, insured0_.date_of_birth as date_of_2_0_0_, insured0_.email as email3_0_0_, insured0_.first_name as first_na4_0_0_, insured0_.last_name as last_nam5_0_0_, insured0_.marital_status as marital_6_0_0_, insured0_.phone as phone7_0_0_, insured0_.place_of_birth as place_of8_0_0_, insured0_.residence as residenc9_0_0_, insured0_.social_security_number as social_10_0_0_ from insured insured0_ where insured0_.id=?
2024-02-10 14:18:52.434 TRACE 19324 --- [http-nio-8080-exec-3] o.h.type.descriptor.sql.BasicBinder      : binding parameter [1] as [BIGINT] - [1]
2024-02-10 14:18:52.440 DEBUG 19324 --- [http-nio-8080-exec-3] o.s.w.s.m.m.a.HttpEntityMethodProcessor  : Using 'application/json', given [*/*] and supported [application/json, application/*+json, application/json, application/*+json]
2024-02-10 14:18:52.440 DEBUG 19324 --- [http-nio-8080-exec-3] o.s.w.s.m.m.a.HttpEntityMethodProcessor  : Writing [[cz.itnetwork.model.Policy@569a7820]]
2024-02-10 14:18:52.442 DEBUG 19324 --- [http-nio-8080-exec-3] o.s.web.servlet.DispatcherServlet        : Completed 200 OK
2024-02-10 14:18:56.731 DEBUG 19324 --- [http-nio-8080-exec-4] o.s.web.servlet.DispatcherServlet        : GET "/api/policies", parameters={}
2024-02-10 14:18:56.731 DEBUG 19324 --- [http-nio-8080-exec-4] s.w.s.m.m.a.RequestMappingHandlerMapping : Mapped to cz.itnetwork.controller.PolicyController#getAllPolicies()
2024-02-10 14:18:56.733 DEBUG 19324 --- [http-nio-8080-exec-4] org.hibernate.SQL                        : select policy0_.id as id1_1_, policy0_.coverage_amount as coverage2_1_, policy0_.insured_id as insured_7_1_, policy0_.monthly_amount as monthly_3_1_, policy0_.policy_end_date as policy_e4_1_, policy0_.policy_start_date as policy_s5_1_, policy0_.policy_type as policy_t6_1_ from policies policy0_
2024-02-10 14:18:56.734 DEBUG 19324 --- [http-nio-8080-exec-4] org.hibernate.SQL                        : select insured0_.id as id1_0_0_, insured0_.date_of_birth as date_of_2_0_0_, insured0_.email as email3_0_0_, insured0_.first_name as first_na4_0_0_, insured0_.last_name as last_nam5_0_0_, insured0_.marital_status as marital_6_0_0_, insured0_.phone as phone7_0_0_, insured0_.place_of_birth as place_of8_0_0_, insured0_.residence as residenc9_0_0_, insured0_.social_security_number as social_10_0_0_ from insured insured0_ where insured0_.id=?
2024-02-10 14:18:56.735 TRACE 19324 --- [http-nio-8080-exec-4] o.h.type.descriptor.sql.BasicBinder      : binding parameter [1] as [BIGINT] - [1]
2024-02-10 14:18:56.737 DEBUG 19324 --- [http-nio-8080-exec-4] o.s.w.s.m.m.a.HttpEntityMethodProcessor  : Using 'application/json', given [*/*] and supported [application/json, application/*+json, application/json, application/*+json]
2024-02-10 14:18:56.737 DEBUG 19324 --- [http-nio-8080-exec-4] o.s.w.s.m.m.a.HttpEntityMethodProcessor  : Writing [[cz.itnetwork.model.Policy@4fd82a62]]
2024-02-10 14:18:56.738 DEBUG 19324 --- [http-nio-8080-exec-4] o.s.web.servlet.DispatcherServlet        : Completed 200 OK
2024-02-10 14:18:57.356 DEBUG 19324 --- [http-nio-8080-exec-5] o.s.web.servlet.DispatcherServlet        : GET "/api/insured", parameters={}
2024-02-10 14:18:57.356 DEBUG 19324 --- [http-nio-8080-exec-5] s.w.s.m.m.a.RequestMappingHandlerMapping : Mapped to cz.itnetwork.controller.InsuredController#getAllInsured()
2024-02-10 14:18:57.358 DEBUG 19324 --- [http-nio-8080-exec-5] org.hibernate.SQL                        : select insured0_.id as id1_0_, insured0_.date_of_birth as date_of_2_0_, insured0_.email as email3_0_, insured0_.first_name as first_na4_0_, insured0_.last_name as last_nam5_0_, insured0_.marital_status as marital_6_0_, insured0_.phone as phone7_0_, insured0_.place_of_birth as place_of8_0_, insured0_.residence as residenc9_0_, insured0_.social_security_number as social_10_0_ from insured insured0_
2024-02-10 14:18:57.362 DEBUG 19324 --- [http-nio-8080-exec-5] o.s.w.s.m.m.a.HttpEntityMethodProcessor  : Using 'application/json', given [*/*] and supported [application/json, application/*+json, application/json, application/*+json]
2024-02-10 14:18:57.363 DEBUG 19324 --- [http-nio-8080-exec-5] o.s.w.s.m.m.a.HttpEntityMethodProcessor  : Writing [[Insured{id=1, firstName='Marek', lastName='Šenkyřík', email='dobry@hsjdjsf.cz', dateOfBirth=1991-01 (truncated)...]
2024-02-10 14:18:57.365 DEBUG 19324 --- [http-nio-8080-exec-5] o.s.web.servlet.DispatcherServlet        : Completed 200 OK
2024-02-10 14:18:58.564 DEBUG 19324 --- [http-nio-8080-exec-6] o.s.web.servlet.DispatcherServlet        : GET "/api/insured/1", parameters={}
2024-02-10 14:18:58.565 DEBUG 19324 --- [http-nio-8080-exec-6] s.w.s.m.m.a.RequestMappingHandlerMapping : Mapped to cz.itnetwork.controller.InsuredController#getInsuredById(Long)
2024-02-10 14:18:58.579 DEBUG 19324 --- [http-nio-8080-exec-6] org.hibernate.SQL                        : select insured0_.id as id1_0_0_, insured0_.date_of_birth as date_of_2_0_0_, insured0_.email as email3_0_0_, insured0_.first_name as first_na4_0_0_, insured0_.last_name as last_nam5_0_0_, insured0_.marital_status as marital_6_0_0_, insured0_.phone as phone7_0_0_, insured0_.place_of_birth as place_of8_0_0_, insured0_.residence as residenc9_0_0_, insured0_.social_security_number as social_10_0_0_ from insured insured0_ where insured0_.id=?
2024-02-10 14:18:58.579 TRACE 19324 --- [http-nio-8080-exec-6] o.h.type.descriptor.sql.BasicBinder      : binding parameter [1] as [BIGINT] - [1]
2024-02-10 14:18:58.583 DEBUG 19324 --- [http-nio-8080-exec-6] o.s.w.s.m.m.a.HttpEntityMethodProcessor  : Using 'application/json', given [*/*] and supported [application/json, application/*+json, application/json, application/*+json]
2024-02-10 14:18:58.583 DEBUG 19324 --- [http-nio-8080-exec-6] o.s.w.s.m.m.a.HttpEntityMethodProcessor  : Writing [Insured{id=1, firstName='Marek', lastName='Šenkyřík', email='dobry@hsjdjsf.cz', dateOfBirth=1991-01- (truncated)...]
2024-02-10 14:18:58.585 DEBUG 19324 --- [http-nio-8080-exec-6] o.s.web.servlet.DispatcherServlet        : Completed 200 OK
2024-02-10 14:19:06.573 DEBUG 19324 --- [http-nio-8080-exec-7] o.s.web.servlet.DispatcherServlet        : GET "/api/policies", parameters={}
2024-02-10 14:19:06.574 DEBUG 19324 --- [http-nio-8080-exec-7] s.w.s.m.m.a.RequestMappingHandlerMapping : Mapped to cz.itnetwork.controller.PolicyController#getAllPolicies()
2024-02-10 14:19:06.575 DEBUG 19324 --- [http-nio-8080-exec-7] org.hibernate.SQL                        : select policy0_.id as id1_1_, policy0_.coverage_amount as coverage2_1_, policy0_.insured_id as insured_7_1_, policy0_.monthly_amount as monthly_3_1_, policy0_.policy_end_date as policy_e4_1_, policy0_.policy_start_date as policy_s5_1_, policy0_.policy_type as policy_t6_1_ from policies policy0_
2024-02-10 14:19:06.577 DEBUG 19324 --- [http-nio-8080-exec-7] org.hibernate.SQL                        : select insured0_.id as id1_0_0_, insured0_.date_of_birth as date_of_2_0_0_, insured0_.email as email3_0_0_, insured0_.first_name as first_na4_0_0_, insured0_.last_name as last_nam5_0_0_, insured0_.marital_status as marital_6_0_0_, insured0_.phone as phone7_0_0_, insured0_.place_of_birth as place_of8_0_0_, insured0_.residence as residenc9_0_0_, insured0_.social_security_number as social_10_0_0_ from insured insured0_ where insured0_.id=?
2024-02-10 14:19:06.577 TRACE 19324 --- [http-nio-8080-exec-7] o.h.type.descriptor.sql.BasicBinder      : binding parameter [1] as [BIGINT] - [1]
2024-02-10 14:19:06.580 DEBUG 19324 --- [http-nio-8080-exec-7] o.s.w.s.m.m.a.HttpEntityMethodProcessor  : Using 'application/json', given [*/*] and supported [application/json, application/*+json, application/json, application/*+json]
2024-02-10 14:19:06.580 DEBUG 19324 --- [http-nio-8080-exec-7] o.s.w.s.m.m.a.HttpEntityMethodProcessor  : Writing [[cz.itnetwork.model.Policy@1d116554]]
2024-02-10 14:19:06.582 DEBUG 19324 --- [http-nio-8080-exec-7] o.s.web.servlet.DispatcherServlet        : Completed 200 OK
2024-02-10 14:19:06.994 DEBUG 19324 --- [http-nio-8080-exec-8] o.s.web.servlet.DispatcherServlet        : GET "/api/insured", parameters={}
2024-02-10 14:19:06.995 DEBUG 19324 --- [http-nio-8080-exec-8] s.w.s.m.m.a.RequestMappingHandlerMapping : Mapped to cz.itnetwork.controller.InsuredController#getAllInsured()
2024-02-10 14:19:06.996 DEBUG 19324 --- [http-nio-8080-exec-8] org.hibernate.SQL                        : select insured0_.id as id1_0_, insured0_.date_of_birth as date_of_2_0_, insured0_.email as email3_0_, insured0_.first_name as first_na4_0_, insured0_.last_name as last_nam5_0_, insured0_.marital_status as marital_6_0_, insured0_.phone as phone7_0_, insured0_.place_of_birth as place_of8_0_, insured0_.residence as residenc9_0_, insured0_.social_security_number as social_10_0_ from insured insured0_
2024-02-10 14:19:07.000 DEBUG 19324 --- [http-nio-8080-exec-8] o.s.w.s.m.m.a.HttpEntityMethodProcessor  : Using 'application/json', given [*/*] and supported [application/json, application/*+json, application/json, application/*+json]
2024-02-10 14:19:07.001 DEBUG 19324 --- [http-nio-8080-exec-8] o.s.w.s.m.m.a.HttpEntityMethodProcessor  : Writing [[Insured{id=1, firstName='Marek', lastName='Šenkyřík', email='dobry@hsjdjsf.cz', dateOfBirth=1991-01 (truncated)...]
2024-02-10 14:19:07.003 DEBUG 19324 --- [http-nio-8080-exec-8] o.s.web.servlet.DispatcherServlet        : Completed 200 OK
2024-02-10 14:19:07.473 DEBUG 19324 --- [http-nio-8080-exec-9] o.s.web.servlet.DispatcherServlet        : GET "/api/policies", parameters={}
2024-02-10 14:19:07.473 DEBUG 19324 --- [http-nio-8080-exec-9] s.w.s.m.m.a.RequestMappingHandlerMapping : Mapped to cz.itnetwork.controller.PolicyController#getAllPolicies()
2024-02-10 14:19:07.475 DEBUG 19324 --- [http-nio-8080-exec-9] org.hibernate.SQL                        : select policy0_.id as id1_1_, policy0_.coverage_amount as coverage2_1_, policy0_.insured_id as insured_7_1_, policy0_.monthly_amount as monthly_3_1_, policy0_.policy_end_date as policy_e4_1_, policy0_.policy_start_date as policy_s5_1_, policy0_.policy_type as policy_t6_1_ from policies policy0_
2024-02-10 14:19:07.477 DEBUG 19324 --- [http-nio-8080-exec-9] org.hibernate.SQL                        : select insured0_.id as id1_0_0_, insured0_.date_of_birth as date_of_2_0_0_, insured0_.email as email3_0_0_, insured0_.first_name as first_na4_0_0_, insured0_.last_name as last_nam5_0_0_, insured0_.marital_status as marital_6_0_0_, insured0_.phone as phone7_0_0_, insured0_.place_of_birth as place_of8_0_0_, insured0_.residence as residenc9_0_0_, insured0_.social_security_number as social_10_0_0_ from insured insured0_ where insured0_.id=?
2024-02-10 14:19:07.477 TRACE 19324 --- [http-nio-8080-exec-9] o.h.type.descriptor.sql.BasicBinder      : binding parameter [1] as [BIGINT] - [1]
2024-02-10 14:19:07.480 DEBUG 19324 --- [http-nio-8080-exec-9] o.s.w.s.m.m.a.HttpEntityMethodProcessor  : Using 'application/json', given [*/*] and supported [application/json, application/*+json, application/json, application/*+json]
2024-02-10 14:19:07.480 DEBUG 19324 --- [http-nio-8080-exec-9] o.s.w.s.m.m.a.HttpEntityMethodProcessor  : Writing [[cz.itnetwork.model.Policy@7218c53f]]
2024-02-10 14:19:07.482 DEBUG 19324 --- [http-nio-8080-exec-9] o.s.web.servlet.DispatcherServlet        : Completed 200 OK
2024-02-10 14:19:13.223  INFO 19324 --- [SpringApplicationShutdownHook] j.LocalContainerEntityManagerFactoryBean : Closing JPA EntityManagerFactory for persistence unit 'default'
2024-02-10 14:19:13.225  INFO 19324 --- [SpringApplicationShutdownHook] com.zaxxer.hikari.HikariDataSource       : HikariPool-1 - Shutdown initiated...
2024-02-10 14:19:13.234  INFO 19324 --- [SpringApplicationShutdownHook] com.zaxxer.hikari.HikariDataSource       : HikariPool-1 - Shutdown completed.
